timestamp: 2013-10-30T08:08:39.653877
CREATE TABLE auth_user(
    id INTEGER PRIMARY KEY AUTOINCREMENT,
    first_name CHAR(128),
    last_name CHAR(128),
    email CHAR(512),
    password CHAR(512),
    registration_key CHAR(512),
    reset_password_key CHAR(512),
    registration_id CHAR(512)
);
success!
timestamp: 2013-10-30T08:08:39.690889
CREATE TABLE auth_group(
    id INTEGER PRIMARY KEY AUTOINCREMENT,
    role CHAR(512),
    description TEXT
);
success!
timestamp: 2013-10-30T08:08:39.760403
CREATE TABLE auth_membership(
    id INTEGER PRIMARY KEY AUTOINCREMENT,
    user_id INTEGER REFERENCES auth_user (id) ON DELETE CASCADE,
    group_id INTEGER REFERENCES auth_group (id) ON DELETE CASCADE
);
success!
timestamp: 2013-10-30T08:08:39.816227
CREATE TABLE auth_permission(
    id INTEGER PRIMARY KEY AUTOINCREMENT,
    group_id INTEGER REFERENCES auth_group (id) ON DELETE CASCADE,
    name CHAR(512),
    table_name CHAR(512),
    record_id INTEGER
);
success!
timestamp: 2013-10-30T08:08:39.874130
CREATE TABLE auth_event(
    id INTEGER PRIMARY KEY AUTOINCREMENT,
    time_stamp TIMESTAMP,
    client_ip CHAR(512),
    user_id INTEGER REFERENCES auth_user (id) ON DELETE CASCADE,
    origin CHAR(512),
    description TEXT
);
success!
timestamp: 2013-10-30T08:08:39.938049
CREATE TABLE auth_cas(
    id INTEGER PRIMARY KEY AUTOINCREMENT,
    user_id INTEGER REFERENCES auth_user (id) ON DELETE CASCADE,
    created_on TIMESTAMP,
    service CHAR(512),
    ticket CHAR(512),
    renew CHAR(1)
);
success!
timestamp: 2013-10-30T08:08:39.996734
CREATE TABLE page(
    id INTEGER PRIMARY KEY AUTOINCREMENT,
    title CHAR(512),
    body TEXT,
    created_on TIMESTAMP,
    created_by INTEGER REFERENCES auth_user (id) ON DELETE CASCADE
);
success!
timestamp: 2013-10-30T08:08:40.046752
CREATE TABLE post(
    id INTEGER PRIMARY KEY AUTOINCREMENT,
    page_id INTEGER REFERENCES page (id) ON DELETE CASCADE,
    body TEXT,
    created_on TIMESTAMP,
    created_by INTEGER REFERENCES auth_user (id) ON DELETE CASCADE
);
success!
timestamp: 2013-10-30T08:08:40.134820
CREATE TABLE document(
    id INTEGER PRIMARY KEY AUTOINCREMENT,
    page_id INTEGER REFERENCES page (id) ON DELETE CASCADE,
    name CHAR(512),
    file CHAR(512),
    created_on TIMESTAMP,
    created_by INTEGER REFERENCES auth_user (id) ON DELETE CASCADE
);
success!
timestamp: 2013-10-30T22:54:39.010508
CREATE TABLE concept(
    id INTEGER PRIMARY KEY AUTOINCREMENT,
    title CHAR(512),
    relation CHAR(512),
    body TEXT,
    created_on TIMESTAMP,
    created_by INTEGER REFERENCES auth_user (id) ON DELETE CASCADE
);
success!
timestamp: 2013-10-30T22:54:39.024894
CREATE TABLE insight(
    id INTEGER PRIMARY KEY AUTOINCREMENT,
    concept_id INTEGER REFERENCES concept (id) ON DELETE CASCADE,
    generaton INTEGER,
    subject CHAR(512),
    body TEXT,
    created_on TIMESTAMP,
    created_by INTEGER REFERENCES auth_user (id) ON DELETE CASCADE
);
success!
timestamp: 2013-10-30T22:54:39.028739
CREATE TABLE spawn(
    id INTEGER PRIMARY KEY AUTOINCREMENT,
    concept_id INTEGER REFERENCES page (id) ON DELETE CASCADE,
    body TEXT,
    created_on TIMESTAMP,
    created_by INTEGER REFERENCES auth_user (id) ON DELETE CASCADE
);
success!
timestamp: 2013-11-05T03:07:15.278666
CREATE TABLE thread(
    id INTEGER PRIMARY KEY AUTOINCREMENT,
    title CHAR(512),
    type CHAR(512),
    rooted_on TIMESTAMP,
    created_by INTEGER REFERENCES auth_user (id) ON DELETE CASCADE
);
success!
timestamp: 2013-11-05T03:49:39.963232
CREATE TABLE node(
    id INTEGER PRIMARY KEY AUTOINCREMENT,
    parent_id INTEGER REFERENCES node (id) ON DELETE CASCADE,
    title CHAR(512),
    relation CHAR(512),
    body TEXT,
    created_on TIMESTAMP,
    created_by INTEGER REFERENCES auth_user (id) ON DELETE CASCADE
);
success!
timestamp: 2013-11-05T03:49:39.984525
ALTER TABLE insight ADD node_id INTEGER REFERENCES node (id) ON DELETE CASCADE;
success!
timestamp: 2013-11-05T03:49:40.037711
ALTER TABLE spawn ADD node_id INTEGER REFERENCES page (id) ON DELETE CASCADE;
success!
success!
success!
success!
success!
success!
success!
success!
success!
success!
success!
success!
success!
success!
success!
success!
success!
success!
success!
success!
success!
success!
timestamp: 2013-11-05T05:36:17.338756
ALTER TABLE node ADD thread_id INTEGER REFERENCES thread (id) ON DELETE CASCADE;
success!
success!
success!
success!
success!
success!
success!
success!
success!
success!
success!
success!
success!
success!
success!
success!
success!
success!
success!
success!
success!
success!
success!
success!
success!
success!
success!
success!
success!
success!
success!
success!
success!
success!
success!
success!
success!
success!
success!
success!
success!
success!
success!
success!
success!
success!
success!
success!
success!
success!
success!
success!
success!
success!
success!
success!
success!
success!
success!
success!
success!
success!
success!
success!
success!
success!
success!
success!
success!
success!
success!
success!
success!
success!
success!
success!
success!
success!
success!
success!
success!
success!
success!
success!
success!
success!
success!
success!
success!
success!
success!
success!
success!
success!
success!
success!
success!
success!
success!
success!
success!
success!
success!
success!
success!
success!
success!
success!
success!
success!
success!
success!
success!
success!
success!
success!
success!
success!
success!
success!
success!
timestamp: 2013-11-05T07:10:10.976691
ALTER TABLE node ADD thread INTEGER REFERENCES thread (id) ON DELETE CASCADE;
success!
success!
success!
success!
success!
success!
success!
success!
success!
success!
success!
success!
success!
success!
success!
success!
success!
success!
success!
success!
success!
success!
success!
success!
success!
success!
success!
success!
success!
success!
success!
success!
success!
success!
success!
success!
success!
success!
success!
success!
success!
success!
success!
success!
success!
success!
success!
success!
success!
success!
success!
success!
success!
success!
success!
success!
success!
success!
success!
success!
success!
success!
success!
success!
success!
success!
success!
success!
success!
success!
success!
success!
success!
success!
success!
success!
success!
success!
success!
success!
success!
