timestamp: 2013-11-06T02:43:12.204770
CREATE TABLE auth_user(
    id INTEGER PRIMARY KEY AUTOINCREMENT,
    first_name CHAR(128),
    last_name CHAR(128),
    email CHAR(512),
    password CHAR(512),
    registration_key CHAR(512),
    reset_password_key CHAR(512),
    registration_id CHAR(512)
);
success!
timestamp: 2013-11-06T02:43:12.225792
CREATE TABLE auth_group(
    id INTEGER PRIMARY KEY AUTOINCREMENT,
    role CHAR(512),
    description TEXT
);
success!
timestamp: 2013-11-06T02:43:12.238348
CREATE TABLE auth_membership(
    id INTEGER PRIMARY KEY AUTOINCREMENT,
    user_id INTEGER REFERENCES auth_user (id) ON DELETE CASCADE,
    group_id INTEGER REFERENCES auth_group (id) ON DELETE CASCADE
);
success!
timestamp: 2013-11-06T02:43:12.659432
CREATE TABLE auth_permission(
    id INTEGER PRIMARY KEY AUTOINCREMENT,
    group_id INTEGER REFERENCES auth_group (id) ON DELETE CASCADE,
    name CHAR(512),
    table_name CHAR(512),
    record_id INTEGER
);
success!
timestamp: 2013-11-06T02:43:12.670974
CREATE TABLE auth_event(
    id INTEGER PRIMARY KEY AUTOINCREMENT,
    time_stamp TIMESTAMP,
    client_ip CHAR(512),
    user_id INTEGER REFERENCES auth_user (id) ON DELETE CASCADE,
    origin CHAR(512),
    description TEXT
);
success!
timestamp: 2013-11-06T02:43:12.682033
CREATE TABLE auth_cas(
    id INTEGER PRIMARY KEY AUTOINCREMENT,
    user_id INTEGER REFERENCES auth_user (id) ON DELETE CASCADE,
    created_on TIMESTAMP,
    service CHAR(512),
    ticket CHAR(512),
    renew CHAR(1)
);
success!
timestamp: 2013-11-06T06:33:44.320273
CREATE TABLE cybertrooper(
    id INTEGER PRIMARY KEY AUTOINCREMENT,
    name CHAR(512) NOT NULL,
    email CHAR(512)
);
success!
timestamp: 2013-11-06T06:33:44.331663
CREATE TABLE projects(
    id INTEGER PRIMARY KEY AUTOINCREMENT,
    title CHAR(512) NOT NULL,
    description CHAR(512),
    provider CHAR(512),
    developer CHAR(512),
    status CHAR(512),
    download CHAR(512)
);
success!
timestamp: 2013-11-06T06:37:53.968298
CREATE TABLE logger(
    id INTEGER PRIMARY KEY AUTOINCREMENT,
    projects_id CHAR(512),
    body TEXT NOT NULL,
    posted_on TIMESTAMP,
    activity CHAR(512)
);
success!
timestamp: 2013-11-06T08:04:11.157075
CREATE TABLE projects(
    id INTEGER PRIMARY KEY AUTOINCREMENT,
    title CHAR(512) NOT NULL,
    description CHAR(512),
    provider CHAR(512),
    developer CHAR(512),
    status CHAR(512),
    download CHAR(512)
);
success!
