[2013-11-06 02:40:26] START
[2013-11-06 03:46:28] EDIT assignmental/models/db.py: 13
[2013-11-06 03:47:02] EDIT assignmental/models/db.py: -10
[2013-11-06 04:14:13] EDIT assignmental/controllers/default.py: -10
[2013-11-06 04:15:23] EDIT assignmental/controllers/default.py: 0
[2013-11-06 04:20:18] EDIT assignmental/views/default/index.html: -20
[2013-11-06 04:20:23] EDIT assignmental/views/default/index.html: 0
[2013-11-06 06:08:02] CREATE default/display.html: 0
[2013-11-06 06:09:15] EDIT assignmental/views/default/display.html: 0
[2013-11-06 06:33:02] EDIT assignmental/views/default/display.html: 4
[2013-11-06 06:37:30] EDIT assignmental/models/db.py: 0
[2013-11-06 06:37:42] EDIT assignmental/controllers/default.py: 0
[2013-11-06 06:41:10] EDIT assignmental/controllers/default.py: 0
[2013-11-06 06:42:28] EDIT assignmental/views/default/display.html: 0
[2013-11-06 06:46:25] EDIT assignmental/controllers/default.py: 6
[2013-11-06 06:48:00] EDIT assignmental/controllers/default.py: 0
[2013-11-06 06:48:19] EDIT assignmental/controllers/default.py: 0
[2013-11-06 06:50:03] EDIT assignmental/controllers/default.py: -1
[2013-11-06 06:51:21] EDIT assignmental/views/default/display.html: 0
[2013-11-06 07:01:36] DELETE assignmental/views/default/display.html: -7
[2013-11-06 07:08:37] EDIT assignmental/controllers/default.py: -7
[2013-11-06 07:29:15] EDIT assignmental/views/default/index.html: -4
[2013-11-06 07:31:54] EDIT assignmental/controllers/default.py: 0
[2013-11-06 07:33:42] EDIT assignmental/controllers/default.py: 0
[2013-11-06 08:04:54] EDIT assignmental/controllers/default.py: 0
[2013-11-06 08:07:05] EDIT assignmental/controllers/default.py: 0
[2013-11-06 08:08:29] EDIT assignmental/controllers/default.py: 0
[2013-11-06 08:10:20] EDIT assignmental/controllers/default.py: 0
[2013-11-06 08:11:30] EDIT assignmental/controllers/default.py: 0
