[2013-11-09 09:22:05] START
[2013-11-09 09:22:05] EDIT assignmental/views/default/todo_item_manage.html: 0
[2013-11-09 09:37:36] EDIT assignmental/controllers/default.py: 2
[2013-11-09 09:49:57] EDIT assignmental/controllers/default.py: 0
[2013-11-09 09:51:08] EDIT assignmental/views/default/index.html: 3
[2013-11-09 09:54:12] EDIT assignmental/controllers/default.py: 0
[2013-11-09 09:55:29] EDIT assignmental/controllers/default.py: 0
[2013-11-09 09:55:52] EDIT assignmental/controllers/default.py: 0
[2013-11-09 09:57:37] EDIT assignmental/controllers/default.py: 0
[2013-11-09 10:10:43] EDIT assignmental/controllers/default.py: 0
[2013-11-09 10:11:53] EDIT assignmental/views/default/index.html: 0
[2013-11-09 10:18:12] EDIT assignmental/views/default/index.html: 0
[2013-11-09 10:18:13] EDIT assignmental/views/default/index.html: 0
[2013-11-09 10:18:57] EDIT assignmental/views/default/index.html: 0
[2013-11-09 10:23:20] EDIT assignmental/views/default/index.html: 0
[2013-11-09 10:27:47] EDIT assignmental/views/default/index.html: 0
[2013-11-09 10:28:44] EDIT assignmental/views/default/index.html: 0
[2013-11-09 10:32:04] EDIT assignmental/views/default/index.html: 0
[2013-11-09 10:33:13] EDIT assignmental/views/default/index.html: 0
[2013-11-09 10:58:52] EDIT assignmental/views/default/index.html: 0
[2013-11-09 11:01:13] EDIT assignmental/views/default/index.html: 0
[2013-11-09 11:02:46] EDIT assignmental/views/default/index.html: 0
[2013-11-09 11:22:21] EDIT assignmental/views/default/index.html: 0
[2013-11-09 11:22:23] EDIT assignmental/views/default/index.html: 0
[2013-11-09 11:25:29] EDIT assignmental/views/default/index.html: 0
[2013-11-09 11:30:36] EDIT assignmental/views/default/index.html: 0
[2013-11-09 11:31:14] EDIT assignmental/views/default/index.html: 0
[2013-11-09 12:01:27] EDIT assignmental/views/default/index.html: 0
[2013-11-09 12:10:04] EDIT assignmental/views/default/index.html: 2
[2013-11-09 12:12:44] EDIT assignmental/views/default/index.html: -2
[2013-11-09 12:15:31] EDIT assignmental/controllers/default.py: 4
[2013-11-09 12:18:07] EDIT assignmental/controllers/default.py: 0
[2013-11-09 12:18:47] EDIT assignmental/controllers/default.py: 0
[2013-11-09 12:20:16] EDIT assignmental/controllers/default.py: 0
[2013-11-09 12:30:50] EDIT assignmental/controllers/default.py: 1
[2013-11-09 12:35:57] EDIT assignmental/controllers/default.py: 0
[2013-11-09 12:36:21] EDIT assignmental/controllers/default.py: 0
